app/build/intermediates/manifest_merge_blame_file/debug/manifest-merger-blame-debug-report.txt
1<?xml version="1.0" encoding="utf-8"?>
2<manifest xmlns:android="http://schemas.android.com/apk/res/android"
3    package="com.example.w2_challenge"
4    android:versionCode="1"
5    android:versionName="1.0" >
6
7    <uses-sdk
8        android:minSdkVersion="24"
8-->src\main\AndroidManifest.xml
9        android:targetSdkVersion="30" />
9-->src\main\AndroidManifest.xml
10
11    <application
11-->src\main\AndroidManifest.xml:5:5-27:19
12        android:allowBackup="true"
12-->src\main\AndroidManifest.xml:6:9-35
13        android:appComponentFactory="androidx.core.app.CoreComponentFactory"
13-->[androidx.core:core:1.3.2] AndroidManifest.xml:24:18-86
14        android:debuggable="true"
15        android:extractNativeLibs="false"
16        android:icon="@mipmap/ic_launcher"
16-->src\main\AndroidManifest.xml:7:9-43
17        android:label="@string/app_name"
17-->src\main\AndroidManifest.xml:8:9-41
18        android:roundIcon="@mipmap/ic_launcher_round"
18-->src\main\AndroidManifest.xml:9:9-54
19        android:supportsRtl="true"
19-->src\main\AndroidManifest.xml:10:9-35
20        android:theme="@style/Theme.W2_challenge" >
20-->src\main\AndroidManifest.xml:11:9-50
21        <activity android:name="com.example.w2_challenge.ProfileActivity" />
21-->src\main\AndroidManifest.xml:12:9-62
21-->src\main\AndroidManifest.xml:12:19-50
22        <activity android:name="com.example.w2_challenge.Login" />
22-->src\main\AndroidManifest.xml:13:9-43
22-->src\main\AndroidManifest.xml:13:19-40
23        <activity android:name="com.example.w2_challenge.Loginactivity" />
23-->src\main\AndroidManifest.xml:14:9-51
23-->src\main\AndroidManifest.xml:14:19-48
24        <activity android:name="com.example.w2_challenge.Detail" />
24-->src\main\AndroidManifest.xml:15:9-44
24-->src\main\AndroidManifest.xml:15:19-41
25        <activity android:name="com.example.w2_challenge.OnBoard3" />
25-->src\main\AndroidManifest.xml:16:9-46
25-->src\main\AndroidManifest.xml:16:19-43
26        <activity android:name="com.example.w2_challenge.OnBoard2" />
26-->src\main\AndroidManifest.xml:17:9-46
26-->src\main\AndroidManifest.xml:17:19-43
27        <activity android:name="com.example.w2_challenge.OnBoard1" />
27-->src\main\AndroidManifest.xml:18:9-46
27-->src\main\AndroidManifest.xml:18:19-43
28        <activity android:name="com.example.w2_challenge.WelcomeActivity" />
28-->src\main\AndroidManifest.xml:19:9-53
28-->src\main\AndroidManifest.xml:19:19-50
29        <activity android:name="com.example.w2_challenge.MainActivity" >
29-->src\main\AndroidManifest.xml:20:9-26:20
29-->src\main\AndroidManifest.xml:20:19-47
30            <intent-filter>
30-->src\main\AndroidManifest.xml:21:13-25:29
31                <action android:name="android.intent.action.MAIN" />
31-->src\main\AndroidManifest.xml:22:17-69
31-->src\main\AndroidManifest.xml:22:25-66
32
33                <category android:name="android.intent.category.LAUNCHER" />
33-->src\main\AndroidManifest.xml:24:17-77
33-->src\main\AndroidManifest.xml:24:27-74
34            </intent-filter>
35        </activity>
36    </application>
37
38</manifest>